<?xml version="1.0" encoding="UTF-8"?>
<!--
  ~ /*
  ~  * Copyright 2002-2011 the original author or authors, or Red-Black IT Ltd, as appropriate.
  ~  *
  ~  * Licensed under the Apache License, Version 2.0 (the "License");
  ~  * you may not use this file except in compliance with the License.
  ~  * You may obtain a copy of the License at
  ~  *
  ~  *      http://www.apache.org/licenses/LICENSE-2.0
  ~  *
  ~  * Unless required by applicable law or agreed to in writing, software
  ~  * distributed under the License is distributed on an "AS IS" BASIS,
  ~  * WITHOUT WARRANTIES OR CONDITIONS OF ANY KIND, either express or implied.
  ~  * See the License for the specific language governing permissions and
  ~  * limitations under the License.
  ~  */
  -->

<beans xmlns="http://www.springframework.org/schema/beans"
       xmlns:xsi="http://www.w3.org/2001/XMLSchema-instance"
       xmlns:int="http://www.springframework.org/schema/integration"
       xsi:schemaLocation="http://www.springframework.org/schema/integration
                           http://www.springframework.org/schema/integration/spring-integration.xsd
		                   http://www.springframework.org/schema/beans
		                   http://www.springframework.org/schema/beans/spring-beans.xsd">

    <import resource="spring-integration-infrastructure-config.xml"/>
    <import resource="spring-integration-idempotent-receiver-config.xml"/>

    <!-- mock the rewardNetwork and rewardRepository: -->
    <bean id="rewardNetwork" factory-method="mock" class="org.mockito.Mockito">
        <constructor-arg value="rewards.RewardNetwork"/>
    </bean>

    <bean id="rewardRepository" factory-method="mock" class="org.mockito.Mockito">
        <constructor-arg value="rewards.internal.reward.RewardRepository"/>
    </bean>

    <!-- we add a bridge to the errorChannel to check for messages in the test code
          without having to (re)define the errorChannel as a PollableChannel -->
    <int:bridge input-channel="errorChannel" output-channel="errorTestChannel"/>

    <int:channel id="errorTestChannel">
        <int:queue/>
    </int:channel>

</beans>
